03 Oct 2022 13:40:59,229 DEBUG [main] runtime.PlasmaRuntime initializing...
03 Oct 2022 13:40:59,234 DEBUG [main] runtime.PlasmaRuntimeDataBinding loading schema chain...
03 Oct 2022 13:40:59,663 DEBUG [main] runtime.PlasmaRuntime artifact: (datatypes.uml) http://cloudgraph.org/datatypes.uml - detected as Plasma SDO Profile version (PLASMA_SDO_PROFILE_V_1_3_UML) http:///schemas/PlasmaSDOProfile/_S-dOMBWkEei92ZhmTudv_w/1
03 Oct 2022 13:40:59,666 DEBUG [main] runtime.PlasmaRuntime artifact: (social-graph.uml) http://cloudgraph.org/social-graph.uml - detected as Plasma SDO Profile version (PLASMA_SDO_PROFILE_V_1_3_UML) http:///schemas/PlasmaSDOProfile/_S-dOMBWkEei92ZhmTudv_w/1
03 Oct 2022 13:40:59,669 DEBUG [main] runtime.PlasmaRuntime loading known UML/XMI artifact, PlasmaSDO.profile_v1_3.uml (http:///schemas/PlasmaSDOProfile/_S-dOMBWkEei92ZhmTudv_w/1)
03 Oct 2022 13:40:59,671 INFO  [main] fuml.Fuml loading artifact, PlasmaSDO.profile_v1_3.uml
03 Oct 2022 13:40:59,682 INFO  [main] config.FumlConfiguration initializing...
03 Oct 2022 13:40:59,684 INFO  [main] config.FumlConfigDataBinding loading schema chain...
03 Oct 2022 13:40:59,717 INFO  [main] config.FumlConfiguration loading configuration, DefaultFumlConfig.xml
03 Oct 2022 13:40:59,777 INFO  [main] model.InMemoryRepository initializing...
03 Oct 2022 13:40:59,778 INFO  [main] repository.RepositoryConfigDataBinding loading schema chain...
03 Oct 2022 13:40:59,800 INFO  [main] model.PrimitiveTypesAssembler initializing...
03 Oct 2022 13:40:59,813 INFO  [main] model.InfrastructureAssembler initializing...
03 Oct 2022 13:40:59,843 INFO  [main] model.SuperstructureAssembler initializing...
03 Oct 2022 13:40:59,861 INFO  [main] model.fUML_SyntaxAssembler initializing...
03 Oct 2022 13:40:59,864 INFO  [main] model.InMemoryRepository performing package merge...
03 Oct 2022 13:40:59,878 INFO  [main] model.InMemoryRepository cacheing classifier attributes and operations...
03 Oct 2022 13:40:59,896 INFO  [main] library.Library initializing...
03 Oct 2022 13:41:00,175 DEBUG [main] runtime.PlasmaRuntime loading known UML/XMI artifact, PlasmaSDODataTypes_v1_3.uml (http:///schemas/PlasmaSDODataTypes/_Z68-YCG2EeSfsoM4aIlAPw)
03 Oct 2022 13:41:00,176 INFO  [main] fuml.Fuml loading artifact, PlasmaSDODataTypes_v1_3.uml
03 Oct 2022 13:41:00,221 INFO  [main] cli.SDOTool skipping SDO creation - no stale artifacts detected
03 Oct 2022 13:41:00,238 INFO  [main] cli.DSLTool skipping DSL creation - no stale artifacts detected
03 Oct 2022 13:41:00,708 INFO  [main] cli.SDOTool skipping SDO creation - no stale artifacts detected
03 Oct 2022 13:41:00,717 INFO  [main] cli.DSLTool skipping DSL creation - no stale artifacts detected
03 Oct 2022 13:43:35,821 DEBUG [main] runtime.PlasmaRuntime initializing...
03 Oct 2022 13:43:35,824 DEBUG [main] runtime.PlasmaRuntimeDataBinding loading schema chain...
03 Oct 2022 13:43:36,105 DEBUG [main] runtime.PlasmaRuntime artifact: (datatypes.uml) http://cloudgraph.org/datatypes.uml - detected as Plasma SDO Profile version (PLASMA_SDO_PROFILE_V_1_3_UML) http:///schemas/PlasmaSDOProfile/_S-dOMBWkEei92ZhmTudv_w/1
03 Oct 2022 13:43:36,107 DEBUG [main] runtime.PlasmaRuntime artifact: (social-graph.uml) http://cloudgraph.org/social-graph.uml - detected as Plasma SDO Profile version (PLASMA_SDO_PROFILE_V_1_3_UML) http:///schemas/PlasmaSDOProfile/_S-dOMBWkEei92ZhmTudv_w/1
03 Oct 2022 13:43:36,110 DEBUG [main] runtime.PlasmaRuntime loading known UML/XMI artifact, PlasmaSDO.profile_v1_3.uml (http:///schemas/PlasmaSDOProfile/_S-dOMBWkEei92ZhmTudv_w/1)
03 Oct 2022 13:43:36,111 INFO  [main] fuml.Fuml loading artifact, PlasmaSDO.profile_v1_3.uml
03 Oct 2022 13:43:36,118 INFO  [main] config.FumlConfiguration initializing...
03 Oct 2022 13:43:36,119 INFO  [main] config.FumlConfigDataBinding loading schema chain...
03 Oct 2022 13:43:36,164 INFO  [main] config.FumlConfiguration loading configuration, DefaultFumlConfig.xml
03 Oct 2022 13:43:36,211 INFO  [main] model.InMemoryRepository initializing...
03 Oct 2022 13:43:36,212 INFO  [main] repository.RepositoryConfigDataBinding loading schema chain...
03 Oct 2022 13:43:36,229 INFO  [main] model.PrimitiveTypesAssembler initializing...
03 Oct 2022 13:43:36,241 INFO  [main] model.InfrastructureAssembler initializing...
03 Oct 2022 13:43:36,268 INFO  [main] model.SuperstructureAssembler initializing...
03 Oct 2022 13:43:36,284 INFO  [main] model.fUML_SyntaxAssembler initializing...
03 Oct 2022 13:43:36,287 INFO  [main] model.InMemoryRepository performing package merge...
03 Oct 2022 13:43:36,305 INFO  [main] model.InMemoryRepository cacheing classifier attributes and operations...
03 Oct 2022 13:43:36,321 INFO  [main] library.Library initializing...
03 Oct 2022 13:43:36,715 DEBUG [main] runtime.PlasmaRuntime loading known UML/XMI artifact, PlasmaSDODataTypes_v1_3.uml (http:///schemas/PlasmaSDODataTypes/_Z68-YCG2EeSfsoM4aIlAPw)
03 Oct 2022 13:43:36,716 INFO  [main] fuml.Fuml loading artifact, PlasmaSDODataTypes_v1_3.uml
03 Oct 2022 13:43:36,785 INFO  [main] fuml.Fuml loading artifact, datatypes.uml
03 Oct 2022 13:43:36,907 INFO  [main] fuml.Fuml loading artifact, social-graph.uml
03 Oct 2022 13:43:37,015 WARN  [main] helper.PlasmaTypeHelper no cache configuration found - continuing w/o cache
03 Oct 2022 13:43:37,041 INFO  [main] provisioning.MetamodelDataBinding loading schema chain...
03 Oct 2022 13:43:37,203 INFO  [main] cli.SDOTool generated 25 interfaces to output to directory: C:\dev-cloudgraph-rocksdb-branch\cloudgraph\cloudgraph-test\target\generated-sources\java
03 Oct 2022 13:43:37,204 INFO  [main] cli.SDOTool generated 25 classes to output to directory: C:\dev-cloudgraph-rocksdb-branch\cloudgraph\cloudgraph-test\target\generated-sources\java
03 Oct 2022 13:43:37,207 INFO  [main] cli.SDOTool generated 0 enumerations to output to directory: C:\dev-cloudgraph-rocksdb-branch\cloudgraph\cloudgraph-test\target\generated-sources\java
03 Oct 2022 13:43:37,245 INFO  [main] cli.DSLTool generated 25 classes to output to directory: C:\dev-cloudgraph-rocksdb-branch\cloudgraph\cloudgraph-test\target\generated-sources\java
03 Oct 2022 13:43:38,989 INFO  [main] cli.SDOTool skipping SDO creation - no stale artifacts detected
03 Oct 2022 13:43:38,997 INFO  [main] cli.DSLTool skipping DSL creation - no stale artifacts detected
