21 Apr 2019 08:52:59,646 INFO  [main] fuml.Fuml loading artifact, PlasmaSDO.profile_v1_3.uml
21 Apr 2019 08:52:59,662 INFO  [main] config.FumlConfiguration initializing...
21 Apr 2019 08:52:59,662 INFO  [main] config.FumlConfigDataBinding loading schema chain...
21 Apr 2019 08:52:59,724 INFO  [main] config.FumlConfiguration loading configuration, DefaultFumlConfig.xml
21 Apr 2019 08:52:59,834 INFO  [main] model.InMemoryRepository initializing...
21 Apr 2019 08:52:59,834 INFO  [main] repository.RepositoryConfigDataBinding loading schema chain...
21 Apr 2019 08:52:59,865 INFO  [main] model.PrimitiveTypesAssembler initializing...
21 Apr 2019 08:52:59,880 INFO  [main] model.InfrastructureAssembler initializing...
21 Apr 2019 08:52:59,927 INFO  [main] model.SuperstructureAssembler initializing...
21 Apr 2019 08:52:59,959 INFO  [main] model.fUML_SyntaxAssembler initializing...
21 Apr 2019 08:52:59,974 INFO  [main] model.InMemoryRepository performing package merge...
21 Apr 2019 08:53:00,005 INFO  [main] model.InMemoryRepository cacheing classifier attributes and operations...
21 Apr 2019 08:53:00,037 INFO  [main] library.Library initializing...
21 Apr 2019 08:53:00,615 INFO  [main] fuml.Fuml loading artifact, PlasmaSDODataTypes_v1_3.uml
21 Apr 2019 08:53:00,709 INFO  [main] fuml.Fuml loading artifact, datatypes.uml
21 Apr 2019 08:53:00,912 INFO  [main] fuml.Fuml loading artifact, social-graph.uml
21 Apr 2019 08:53:01,037 DEBUG [main] state.ProtoSequenceGenerator adding type {http://cloudgraph.org/test/socialgraph/actor}Actor seq: 1 hash: 2017957485
21 Apr 2019 08:53:01,052 DEBUG [main] state.ProtoSequenceGenerator adding type {http://cloudgraph.org/test/socialgraph/story}Blog seq: 1 hash: 2090196346
21 Apr 2019 08:53:01,052 DEBUG [main] state.ProtoSequenceGenerator adding type {http://cloudgraph.org/test/socialgraph/story}Story seq: 1 hash: 2017621613
21 Apr 2019 08:53:01,099 DEBUG [main] state.ProtoSequenceGenerator marshal: uri {
  name: "S"
  typeEntry {
    name: "AC"
    uriName: "S"
    sequence: 3
    hashValue: 2017957485
  }
}
uri {
  name: "Y"
  typeEntry {
    name: "BL"
    uriName: "Y"
    sequence: 2
    hashValue: 2090196346
  }
  typeEntry {
    name: "SY"
    uriName: "Y"
    sequence: 5
    hashValue: 2017621613
  }
}

21 Apr 2019 08:53:01,115 DEBUG [main] state.ProtoSequenceGenerator adding type {http://cloudgraph.org/test/socialgraph/actor}Friendship seq: 1 hash: 1974365762
21 Apr 2019 08:53:01,115 DEBUG [main] state.ProtoSequenceGenerator marshal: uri {
  name: "S"
  typeEntry {
    name: "FP"
    uriName: "S"
    sequence: 3
    hashValue: 1974365762
  }
  typeEntry {
    name: "AC"
    uriName: "S"
    sequence: 3
    hashValue: 2017957485
  }
}
uri {
  name: "Y"
  typeEntry {
    name: "BL"
    uriName: "Y"
    sequence: 2
    hashValue: 2090196346
  }
  typeEntry {
    name: "SY"
    uriName: "Y"
    sequence: 5
    hashValue: 2017621613
  }
}

