28 Mar 2023 14:10:01,956 INFO  [main] fuml.Fuml loading artifact, PlasmaSDO.profile_v1_3.uml
28 Mar 2023 14:10:01,966 INFO  [main] config.FumlConfiguration initializing...
28 Mar 2023 14:10:01,968 INFO  [main] config.FumlConfigDataBinding loading schema chain...
28 Mar 2023 14:10:02,033 INFO  [main] config.FumlConfiguration loading configuration, DefaultFumlConfig.xml
28 Mar 2023 14:10:02,083 INFO  [main] model.InMemoryRepository initializing...
28 Mar 2023 14:10:02,084 INFO  [main] repository.RepositoryConfigDataBinding loading schema chain...
28 Mar 2023 14:10:02,108 INFO  [main] model.PrimitiveTypesAssembler initializing...
28 Mar 2023 14:10:02,125 INFO  [main] model.InfrastructureAssembler initializing...
28 Mar 2023 14:10:02,157 INFO  [main] model.SuperstructureAssembler initializing...
28 Mar 2023 14:10:02,175 INFO  [main] model.fUML_SyntaxAssembler initializing...
28 Mar 2023 14:10:02,186 INFO  [main] model.InMemoryRepository performing package merge...
28 Mar 2023 14:10:02,201 INFO  [main] model.InMemoryRepository cacheing classifier attributes and operations...
28 Mar 2023 14:10:02,220 INFO  [main] library.Library initializing...
28 Mar 2023 14:10:02,657 INFO  [main] fuml.Fuml loading artifact, PlasmaSDODataTypes_v1_3.uml
28 Mar 2023 14:10:02,699 WARN  [main] helper.PlasmaTypeHelper no cache configuration found - continuing w/o cache
28 Mar 2023 14:10:02,705 INFO  [main] fuml.Fuml loading artifact, datatypes.uml
28 Mar 2023 14:10:02,835 INFO  [main] fuml.Fuml loading artifact, social-graph.uml
28 Mar 2023 14:10:03,054 INFO  [main] mapping.StoreMapping loading properties from bundled resource: cloudgraph.properties
28 Mar 2023 14:10:03,110 WARN  [main] mapping.DataRowKeyFieldMapping expected value contraint total-digits for integral property, {http://cloudgraph.org/test/datatypes}Node.rootId - row key fields are fixed length and integral properties used in row key fields should be annotated with a value constraint with the total-digits set - defaulting to max size for datatype, Int.
28 Mar 2023 14:10:03,113 WARN  [main] mapping.DataRowKeyFieldMapping expected value contraint total-digits for integral property, {http://cloudgraph.org/test/datatypes}Node.rootId - row key fields are fixed length and integral properties used in row key fields should be annotated with a value constraint with the total-digits set - defaulting to max size for datatype, Int.
28 Mar 2023 14:10:03,115 WARN  [main] mapping.DataRowKeyFieldMapping expected value contraint total-digits for integral property, {http://cloudgraph.org/test/datatypes}Node.rootId - row key fields are fixed length and integral properties used in row key fields should be annotated with a value constraint with the total-digits set - defaulting to max size for datatype, Int.
28 Mar 2023 14:10:03,116 WARN  [main] mapping.DataRowKeyFieldMapping expected value contraint total-digits for integral property, {http://cloudgraph.org/test/datatypes}Node.intField - row key fields are fixed length and integral properties used in row key fields should be annotated with a value constraint with the total-digits set - defaulting to max size for datatype, Int.
28 Mar 2023 14:10:03,118 WARN  [main] mapping.DataRowKeyFieldMapping expected value contraint total-digits for integral property, {http://cloudgraph.org/test/datatypes}Node.rootId - row key fields are fixed length and integral properties used in row key fields should be annotated with a value constraint with the total-digits set - defaulting to max size for datatype, Int.
28 Mar 2023 14:10:03,120 WARN  [main] mapping.DataRowKeyFieldMapping expected value contraint total-digits for integral property, {http://cloudgraph.org/test/datatypes}Node.longField - row key fields are fixed length and integral properties used in row key fields should be annotated with a value constraint with the total-digits set - defaulting to max size for datatype, Long.
28 Mar 2023 14:10:03,122 WARN  [main] mapping.DataRowKeyFieldMapping expected value contraint total-digits for integral property, {http://cloudgraph.org/test/datatypes}Node.rootId - row key fields are fixed length and integral properties used in row key fields should be annotated with a value constraint with the total-digits set - defaulting to max size for datatype, Int.
28 Mar 2023 14:10:03,125 WARN  [main] mapping.DataRowKeyFieldMapping expected value contraint total-digits for integral property, {http://cloudgraph.org/test/datatypes}Node.rootId - row key fields are fixed length and integral properties used in row key fields should be annotated with a value constraint with the total-digits set - defaulting to max size for datatype, Int.
28 Mar 2023 14:10:03,136 INFO  [main] connect.HBaseConnectionManager created connection pool[ 
	MaxTotal:		80
	MinIdle:		1
	MaxIdle:		8
	Lifo:		true
	MaxWaitMillis:		-1
	TimeBetweenEvictionRunsMillis:		-1
	EvictionPolicyClassName:		org.apache.commons.pool2.impl.DefaultEvictionPolicy
	MinEvictableIdleTimeMillis:		1800000
	SoftMinEvictableIdleTimeMillis:		-1
	NumTestsPerEvictionRun:		3
...]
28 Mar 2023 14:10:03,156 WARN  [main] util.NativeCodeLoader Unable to load native-hadoop library for your platform... using builtin-java classes where applicable
28 Mar 2023 14:10:04,283 INFO  [main] bind.PlasmaQueryDataBinding loading schema chain...
28 Mar 2023 14:10:08,349 INFO  [main] fuml.Fuml loading artifact, PlasmaSDO.profile_v1_3.uml
28 Mar 2023 14:10:08,358 INFO  [main] config.FumlConfiguration initializing...
28 Mar 2023 14:10:08,359 INFO  [main] config.FumlConfigDataBinding loading schema chain...
28 Mar 2023 14:10:08,425 INFO  [main] config.FumlConfiguration loading configuration, DefaultFumlConfig.xml
28 Mar 2023 14:10:08,480 INFO  [main] model.InMemoryRepository initializing...
28 Mar 2023 14:10:08,480 INFO  [main] repository.RepositoryConfigDataBinding loading schema chain...
28 Mar 2023 14:10:08,503 INFO  [main] model.PrimitiveTypesAssembler initializing...
28 Mar 2023 14:10:08,519 INFO  [main] model.InfrastructureAssembler initializing...
28 Mar 2023 14:10:08,557 INFO  [main] model.SuperstructureAssembler initializing...
28 Mar 2023 14:10:08,576 INFO  [main] model.fUML_SyntaxAssembler initializing...
28 Mar 2023 14:10:08,586 INFO  [main] model.InMemoryRepository performing package merge...
28 Mar 2023 14:10:08,604 INFO  [main] model.InMemoryRepository cacheing classifier attributes and operations...
28 Mar 2023 14:10:08,620 INFO  [main] library.Library initializing...
28 Mar 2023 14:10:09,062 INFO  [main] fuml.Fuml loading artifact, PlasmaSDODataTypes_v1_3.uml
28 Mar 2023 14:10:09,107 WARN  [main] helper.PlasmaTypeHelper no cache configuration found - continuing w/o cache
28 Mar 2023 14:10:09,113 INFO  [main] fuml.Fuml loading artifact, datatypes.uml
28 Mar 2023 14:10:09,236 INFO  [main] fuml.Fuml loading artifact, social-graph.uml
28 Mar 2023 14:10:09,462 INFO  [main] mapping.StoreMapping loading properties from bundled resource: cloudgraph.properties
28 Mar 2023 14:10:09,511 WARN  [main] mapping.DataRowKeyFieldMapping expected value contraint total-digits for integral property, {http://cloudgraph.org/test/datatypes}Node.rootId - row key fields are fixed length and integral properties used in row key fields should be annotated with a value constraint with the total-digits set - defaulting to max size for datatype, Int.
28 Mar 2023 14:10:09,514 WARN  [main] mapping.DataRowKeyFieldMapping expected value contraint total-digits for integral property, {http://cloudgraph.org/test/datatypes}Node.rootId - row key fields are fixed length and integral properties used in row key fields should be annotated with a value constraint with the total-digits set - defaulting to max size for datatype, Int.
28 Mar 2023 14:10:09,515 WARN  [main] mapping.DataRowKeyFieldMapping expected value contraint total-digits for integral property, {http://cloudgraph.org/test/datatypes}Node.rootId - row key fields are fixed length and integral properties used in row key fields should be annotated with a value constraint with the total-digits set - defaulting to max size for datatype, Int.
28 Mar 2023 14:10:09,516 WARN  [main] mapping.DataRowKeyFieldMapping expected value contraint total-digits for integral property, {http://cloudgraph.org/test/datatypes}Node.intField - row key fields are fixed length and integral properties used in row key fields should be annotated with a value constraint with the total-digits set - defaulting to max size for datatype, Int.
28 Mar 2023 14:10:09,516 WARN  [main] mapping.DataRowKeyFieldMapping expected value contraint total-digits for integral property, {http://cloudgraph.org/test/datatypes}Node.rootId - row key fields are fixed length and integral properties used in row key fields should be annotated with a value constraint with the total-digits set - defaulting to max size for datatype, Int.
28 Mar 2023 14:10:09,517 WARN  [main] mapping.DataRowKeyFieldMapping expected value contraint total-digits for integral property, {http://cloudgraph.org/test/datatypes}Node.longField - row key fields are fixed length and integral properties used in row key fields should be annotated with a value constraint with the total-digits set - defaulting to max size for datatype, Long.
28 Mar 2023 14:10:09,518 WARN  [main] mapping.DataRowKeyFieldMapping expected value contraint total-digits for integral property, {http://cloudgraph.org/test/datatypes}Node.rootId - row key fields are fixed length and integral properties used in row key fields should be annotated with a value constraint with the total-digits set - defaulting to max size for datatype, Int.
28 Mar 2023 14:10:09,519 WARN  [main] mapping.DataRowKeyFieldMapping expected value contraint total-digits for integral property, {http://cloudgraph.org/test/datatypes}Node.rootId - row key fields are fixed length and integral properties used in row key fields should be annotated with a value constraint with the total-digits set - defaulting to max size for datatype, Int.
28 Mar 2023 14:10:09,527 INFO  [main] connect.HBaseConnectionManager created connection pool[ 
	MaxTotal:		80
	MinIdle:		1
	MaxIdle:		8
	Lifo:		true
	MaxWaitMillis:		-1
	TimeBetweenEvictionRunsMillis:		-1
	EvictionPolicyClassName:		org.apache.commons.pool2.impl.DefaultEvictionPolicy
	MinEvictableIdleTimeMillis:		1800000
	SoftMinEvictableIdleTimeMillis:		-1
	NumTestsPerEvictionRun:		3
...]
28 Mar 2023 14:10:09,547 WARN  [main] util.NativeCodeLoader Unable to load native-hadoop library for your platform... using builtin-java classes where applicable
28 Mar 2023 14:10:10,578 INFO  [main] bind.PlasmaQueryDataBinding loading schema chain...
28 Mar 2023 14:10:13,286 INFO  [main] fuml.Fuml loading artifact, PlasmaSDO.profile_v1_3.uml
28 Mar 2023 14:10:13,294 INFO  [main] config.FumlConfiguration initializing...
28 Mar 2023 14:10:13,296 INFO  [main] config.FumlConfigDataBinding loading schema chain...
28 Mar 2023 14:10:13,367 INFO  [main] config.FumlConfiguration loading configuration, DefaultFumlConfig.xml
28 Mar 2023 14:10:13,415 INFO  [main] model.InMemoryRepository initializing...
28 Mar 2023 14:10:13,416 INFO  [main] repository.RepositoryConfigDataBinding loading schema chain...
28 Mar 2023 14:10:13,441 INFO  [main] model.PrimitiveTypesAssembler initializing...
28 Mar 2023 14:10:13,458 INFO  [main] model.InfrastructureAssembler initializing...
28 Mar 2023 14:10:13,493 INFO  [main] model.SuperstructureAssembler initializing...
28 Mar 2023 14:10:13,510 INFO  [main] model.fUML_SyntaxAssembler initializing...
28 Mar 2023 14:10:13,522 INFO  [main] model.InMemoryRepository performing package merge...
28 Mar 2023 14:10:13,540 INFO  [main] model.InMemoryRepository cacheing classifier attributes and operations...
28 Mar 2023 14:10:13,556 INFO  [main] library.Library initializing...
28 Mar 2023 14:10:14,034 INFO  [main] fuml.Fuml loading artifact, PlasmaSDODataTypes_v1_3.uml
28 Mar 2023 14:10:14,084 WARN  [main] helper.PlasmaTypeHelper no cache configuration found - continuing w/o cache
28 Mar 2023 14:10:14,093 INFO  [main] fuml.Fuml loading artifact, datatypes.uml
28 Mar 2023 14:10:14,235 INFO  [main] fuml.Fuml loading artifact, social-graph.uml
28 Mar 2023 14:10:14,453 INFO  [main] mapping.StoreMapping loading properties from bundled resource: cloudgraph.properties
28 Mar 2023 14:10:14,504 WARN  [main] mapping.DataRowKeyFieldMapping expected value contraint total-digits for integral property, {http://cloudgraph.org/test/datatypes}Node.rootId - row key fields are fixed length and integral properties used in row key fields should be annotated with a value constraint with the total-digits set - defaulting to max size for datatype, Int.
28 Mar 2023 14:10:14,505 WARN  [main] mapping.DataRowKeyFieldMapping expected value contraint total-digits for integral property, {http://cloudgraph.org/test/datatypes}Node.rootId - row key fields are fixed length and integral properties used in row key fields should be annotated with a value constraint with the total-digits set - defaulting to max size for datatype, Int.
28 Mar 2023 14:10:14,507 WARN  [main] mapping.DataRowKeyFieldMapping expected value contraint total-digits for integral property, {http://cloudgraph.org/test/datatypes}Node.rootId - row key fields are fixed length and integral properties used in row key fields should be annotated with a value constraint with the total-digits set - defaulting to max size for datatype, Int.
28 Mar 2023 14:10:14,507 WARN  [main] mapping.DataRowKeyFieldMapping expected value contraint total-digits for integral property, {http://cloudgraph.org/test/datatypes}Node.intField - row key fields are fixed length and integral properties used in row key fields should be annotated with a value constraint with the total-digits set - defaulting to max size for datatype, Int.
28 Mar 2023 14:10:14,508 WARN  [main] mapping.DataRowKeyFieldMapping expected value contraint total-digits for integral property, {http://cloudgraph.org/test/datatypes}Node.rootId - row key fields are fixed length and integral properties used in row key fields should be annotated with a value constraint with the total-digits set - defaulting to max size for datatype, Int.
28 Mar 2023 14:10:14,509 WARN  [main] mapping.DataRowKeyFieldMapping expected value contraint total-digits for integral property, {http://cloudgraph.org/test/datatypes}Node.longField - row key fields are fixed length and integral properties used in row key fields should be annotated with a value constraint with the total-digits set - defaulting to max size for datatype, Long.
28 Mar 2023 14:10:14,509 WARN  [main] mapping.DataRowKeyFieldMapping expected value contraint total-digits for integral property, {http://cloudgraph.org/test/datatypes}Node.rootId - row key fields are fixed length and integral properties used in row key fields should be annotated with a value constraint with the total-digits set - defaulting to max size for datatype, Int.
28 Mar 2023 14:10:14,510 WARN  [main] mapping.DataRowKeyFieldMapping expected value contraint total-digits for integral property, {http://cloudgraph.org/test/datatypes}Node.rootId - row key fields are fixed length and integral properties used in row key fields should be annotated with a value constraint with the total-digits set - defaulting to max size for datatype, Int.
28 Mar 2023 14:10:14,521 INFO  [main] connect.HBaseConnectionManager created connection pool[ 
	MaxTotal:		80
	MinIdle:		1
	MaxIdle:		8
	Lifo:		true
	MaxWaitMillis:		-1
	TimeBetweenEvictionRunsMillis:		-1
	EvictionPolicyClassName:		org.apache.commons.pool2.impl.DefaultEvictionPolicy
	MinEvictableIdleTimeMillis:		1800000
	SoftMinEvictableIdleTimeMillis:		-1
	NumTestsPerEvictionRun:		3
...]
28 Mar 2023 14:10:14,543 WARN  [main] util.NativeCodeLoader Unable to load native-hadoop library for your platform... using builtin-java classes where applicable
28 Mar 2023 14:10:15,623 INFO  [main] bind.PlasmaQueryDataBinding loading schema chain...
28 Mar 2023 14:10:18,092 INFO  [main] fuml.Fuml loading artifact, PlasmaSDO.profile_v1_3.uml
28 Mar 2023 14:10:18,101 INFO  [main] config.FumlConfiguration initializing...
28 Mar 2023 14:10:18,102 INFO  [main] config.FumlConfigDataBinding loading schema chain...
28 Mar 2023 14:10:18,171 INFO  [main] config.FumlConfiguration loading configuration, DefaultFumlConfig.xml
28 Mar 2023 14:10:18,218 INFO  [main] model.InMemoryRepository initializing...
28 Mar 2023 14:10:18,219 INFO  [main] repository.RepositoryConfigDataBinding loading schema chain...
28 Mar 2023 14:10:18,240 INFO  [main] model.PrimitiveTypesAssembler initializing...
28 Mar 2023 14:10:18,252 INFO  [main] model.InfrastructureAssembler initializing...
28 Mar 2023 14:10:18,286 INFO  [main] model.SuperstructureAssembler initializing...
28 Mar 2023 14:10:18,305 INFO  [main] model.fUML_SyntaxAssembler initializing...
28 Mar 2023 14:10:18,315 INFO  [main] model.InMemoryRepository performing package merge...
28 Mar 2023 14:10:18,334 INFO  [main] model.InMemoryRepository cacheing classifier attributes and operations...
28 Mar 2023 14:10:18,351 INFO  [main] library.Library initializing...
28 Mar 2023 14:10:18,799 INFO  [main] fuml.Fuml loading artifact, PlasmaSDODataTypes_v1_3.uml
28 Mar 2023 14:10:18,845 WARN  [main] helper.PlasmaTypeHelper no cache configuration found - continuing w/o cache
28 Mar 2023 14:10:18,850 INFO  [main] fuml.Fuml loading artifact, datatypes.uml
28 Mar 2023 14:10:18,983 INFO  [main] fuml.Fuml loading artifact, social-graph.uml
28 Mar 2023 14:10:19,203 INFO  [main] mapping.StoreMapping loading properties from bundled resource: cloudgraph.properties
28 Mar 2023 14:10:19,255 INFO  [main] connect.HBaseConnectionManager created connection pool[ 
	MaxTotal:		80
	MinIdle:		1
	MaxIdle:		8
	Lifo:		true
	MaxWaitMillis:		-1
	TimeBetweenEvictionRunsMillis:		-1
	EvictionPolicyClassName:		org.apache.commons.pool2.impl.DefaultEvictionPolicy
	MinEvictableIdleTimeMillis:		1800000
	SoftMinEvictableIdleTimeMillis:		-1
	NumTestsPerEvictionRun:		3
...]
28 Mar 2023 14:10:19,278 WARN  [main] util.NativeCodeLoader Unable to load native-hadoop library for your platform... using builtin-java classes where applicable
28 Mar 2023 14:10:19,943 WARN  [main] fuml.FumlRelationCache potential circular reference: http://cloudgraph.org/test/socialgraph/actor#Topic.child->http://cloudgraph.org/test/socialgraph/actor#Topic
28 Mar 2023 14:10:20,313 INFO  [main] bind.PlasmaQueryDataBinding loading schema chain...
28 Mar 2023 14:10:23,626 INFO  [main] fuml.Fuml loading artifact, PlasmaSDO.profile_v1_3.uml
28 Mar 2023 14:10:23,635 INFO  [main] config.FumlConfiguration initializing...
28 Mar 2023 14:10:23,637 INFO  [main] config.FumlConfigDataBinding loading schema chain...
28 Mar 2023 14:10:23,705 INFO  [main] config.FumlConfiguration loading configuration, DefaultFumlConfig.xml
28 Mar 2023 14:10:23,756 INFO  [main] model.InMemoryRepository initializing...
28 Mar 2023 14:10:23,757 INFO  [main] repository.RepositoryConfigDataBinding loading schema chain...
28 Mar 2023 14:10:23,783 INFO  [main] model.PrimitiveTypesAssembler initializing...
28 Mar 2023 14:10:23,798 INFO  [main] model.InfrastructureAssembler initializing...
28 Mar 2023 14:10:23,834 INFO  [main] model.SuperstructureAssembler initializing...
28 Mar 2023 14:10:23,851 INFO  [main] model.fUML_SyntaxAssembler initializing...
28 Mar 2023 14:10:23,862 INFO  [main] model.InMemoryRepository performing package merge...
28 Mar 2023 14:10:23,881 INFO  [main] model.InMemoryRepository cacheing classifier attributes and operations...
28 Mar 2023 14:10:23,897 INFO  [main] library.Library initializing...
28 Mar 2023 14:10:24,340 INFO  [main] fuml.Fuml loading artifact, PlasmaSDODataTypes_v1_3.uml
28 Mar 2023 14:10:24,383 WARN  [main] helper.PlasmaTypeHelper no cache configuration found - continuing w/o cache
28 Mar 2023 14:10:24,388 INFO  [main] fuml.Fuml loading artifact, datatypes.uml
28 Mar 2023 14:10:24,519 INFO  [main] fuml.Fuml loading artifact, social-graph.uml
28 Mar 2023 14:10:24,728 INFO  [main] mapping.StoreMapping loading properties from bundled resource: cloudgraph.properties
28 Mar 2023 14:10:24,793 INFO  [main] connect.HBaseConnectionManager created connection pool[ 
	MaxTotal:		80
	MinIdle:		1
	MaxIdle:		8
	Lifo:		true
	MaxWaitMillis:		-1
	TimeBetweenEvictionRunsMillis:		-1
	EvictionPolicyClassName:		org.apache.commons.pool2.impl.DefaultEvictionPolicy
	MinEvictableIdleTimeMillis:		1800000
	SoftMinEvictableIdleTimeMillis:		-1
	NumTestsPerEvictionRun:		3
...]
28 Mar 2023 14:10:24,815 WARN  [main] util.NativeCodeLoader Unable to load native-hadoop library for your platform... using builtin-java classes where applicable
28 Mar 2023 14:10:25,439 WARN  [main] fuml.FumlRelationCache potential circular reference: http://cloudgraph.org/test/socialgraph/actor#Topic.child->http://cloudgraph.org/test/socialgraph/actor#Topic
28 Mar 2023 14:10:25,871 INFO  [main] bind.PlasmaQueryDataBinding loading schema chain...
28 Mar 2023 14:10:27,417 WARN  [main] graph.DistributedAssembler ignoring toubstone result row '[B@22752544'
28 Mar 2023 14:10:27,430 WARN  [main] graph.DistributedAssembler ignoring toubstone result row '[B@21ba2445'
28 Mar 2023 14:10:27,436 WARN  [main] graph.DistributedAssembler ignoring toubstone result row '[B@69d23296'
28 Mar 2023 14:10:27,622 ERROR [pool-2-thread-7] graph.ParallelSubgraphTask expected locked row key 'T                               |Atlantic Weather                |644225fe-99f3-419b-a679-fa624643b319' for edgeReader, {http://cloudgraph.org/test/socialgraph/actor}Topic.child
28 Mar 2023 14:10:27,776 WARN  [main] scan.ScanCollector no user defined row-key field for query path 'blog/topic/name' - deferring to graph recogniser post processor
28 Mar 2023 14:10:27,777 WARN  [main] scan.ScanCollector no user defined row-key field for query path 'blog/topic/name' - deferring to graph recogniser post processor
28 Mar 2023 14:10:27,778 WARN  [main] service.GraphQuery no root predicate or range limit present - using default graph partial key scan - could result in very large results set
28 Mar 2023 14:10:28,178 WARN  [main] graph.DistributedAssembler ignoring toubstone result row '[B@59fbb34'
28 Mar 2023 14:10:28,189 WARN  [main] graph.DistributedAssembler ignoring toubstone result row '[B@1b6924cb'
28 Mar 2023 14:10:28,194 WARN  [main] graph.DistributedAssembler ignoring toubstone result row '[B@3a8d467e'
28 Mar 2023 14:10:28,256 WARN  [main] graph.DistributedAssembler ignoring toubstone result row '[B@141d3d43'
28 Mar 2023 14:10:28,265 WARN  [main] graph.DistributedAssembler ignoring toubstone result row '[B@6ca372ef'
28 Mar 2023 14:10:28,269 WARN  [main] graph.DistributedAssembler ignoring toubstone result row '[B@3ebe4ccc'
28 Mar 2023 14:10:28,591 WARN  [main] graph.DistributedAssembler ignoring toubstone result row '[B@6ed043d3'
28 Mar 2023 14:10:28,601 WARN  [main] graph.DistributedAssembler ignoring toubstone result row '[B@135a8c6f'
28 Mar 2023 14:10:28,606 WARN  [main] graph.DistributedAssembler ignoring toubstone result row '[B@6419a0e1'
28 Mar 2023 14:10:28,897 INFO  [main] slice.DatePredicateSliceTest Fri Jan 02 05:29:41 MST 1970
28 Mar 2023 14:10:28,899 INFO  [main] slice.DatePredicateSliceTest Mon Jan 05 05:29:41 MST 1970
28 Mar 2023 14:10:31,560 INFO  [main] fuml.Fuml loading artifact, PlasmaSDO.profile_v1_3.uml
28 Mar 2023 14:10:31,569 INFO  [main] config.FumlConfiguration initializing...
28 Mar 2023 14:10:31,571 INFO  [main] config.FumlConfigDataBinding loading schema chain...
28 Mar 2023 14:10:31,644 INFO  [main] config.FumlConfiguration loading configuration, DefaultFumlConfig.xml
28 Mar 2023 14:10:31,698 INFO  [main] model.InMemoryRepository initializing...
28 Mar 2023 14:10:31,700 INFO  [main] repository.RepositoryConfigDataBinding loading schema chain...
28 Mar 2023 14:10:31,724 INFO  [main] model.PrimitiveTypesAssembler initializing...
28 Mar 2023 14:10:31,741 INFO  [main] model.InfrastructureAssembler initializing...
28 Mar 2023 14:10:31,775 INFO  [main] model.SuperstructureAssembler initializing...
28 Mar 2023 14:10:31,806 INFO  [main] model.fUML_SyntaxAssembler initializing...
28 Mar 2023 14:10:31,811 INFO  [main] model.InMemoryRepository performing package merge...
28 Mar 2023 14:10:31,826 INFO  [main] model.InMemoryRepository cacheing classifier attributes and operations...
28 Mar 2023 14:10:31,842 INFO  [main] library.Library initializing...
28 Mar 2023 14:10:32,318 INFO  [main] fuml.Fuml loading artifact, PlasmaSDODataTypes_v1_3.uml
28 Mar 2023 14:10:32,363 WARN  [main] helper.PlasmaTypeHelper no cache configuration found - continuing w/o cache
28 Mar 2023 14:10:32,368 INFO  [main] fuml.Fuml loading artifact, datatypes.uml
28 Mar 2023 14:10:32,496 INFO  [main] fuml.Fuml loading artifact, social-graph.uml
28 Mar 2023 14:10:32,716 INFO  [main] mapping.StoreMapping loading properties from bundled resource: cloudgraph.properties
28 Mar 2023 14:10:32,768 WARN  [main] mapping.DataRowKeyFieldMapping expected value contraint total-digits for integral property, {http://cloudgraph.org/test/datatypes}Node.rootId - row key fields are fixed length and integral properties used in row key fields should be annotated with a value constraint with the total-digits set - defaulting to max size for datatype, Int.
28 Mar 2023 14:10:32,770 WARN  [main] mapping.DataRowKeyFieldMapping expected value contraint total-digits for integral property, {http://cloudgraph.org/test/datatypes}Node.rootId - row key fields are fixed length and integral properties used in row key fields should be annotated with a value constraint with the total-digits set - defaulting to max size for datatype, Int.
28 Mar 2023 14:10:32,772 WARN  [main] mapping.DataRowKeyFieldMapping expected value contraint total-digits for integral property, {http://cloudgraph.org/test/datatypes}Node.rootId - row key fields are fixed length and integral properties used in row key fields should be annotated with a value constraint with the total-digits set - defaulting to max size for datatype, Int.
28 Mar 2023 14:10:32,772 WARN  [main] mapping.DataRowKeyFieldMapping expected value contraint total-digits for integral property, {http://cloudgraph.org/test/datatypes}Node.intField - row key fields are fixed length and integral properties used in row key fields should be annotated with a value constraint with the total-digits set - defaulting to max size for datatype, Int.
28 Mar 2023 14:10:32,774 WARN  [main] mapping.DataRowKeyFieldMapping expected value contraint total-digits for integral property, {http://cloudgraph.org/test/datatypes}Node.rootId - row key fields are fixed length and integral properties used in row key fields should be annotated with a value constraint with the total-digits set - defaulting to max size for datatype, Int.
28 Mar 2023 14:10:32,775 WARN  [main] mapping.DataRowKeyFieldMapping expected value contraint total-digits for integral property, {http://cloudgraph.org/test/datatypes}Node.rootId - row key fields are fixed length and integral properties used in row key fields should be annotated with a value constraint with the total-digits set - defaulting to max size for datatype, Int.
28 Mar 2023 14:10:32,776 WARN  [main] mapping.DataRowKeyFieldMapping expected value contraint total-digits for integral property, {http://cloudgraph.org/test/datatypes}Node.longField - row key fields are fixed length and integral properties used in row key fields should be annotated with a value constraint with the total-digits set - defaulting to max size for datatype, Long.
28 Mar 2023 14:10:32,777 WARN  [main] mapping.DataRowKeyFieldMapping expected value contraint total-digits for integral property, {http://cloudgraph.org/test/datatypes}Node.rootId - row key fields are fixed length and integral properties used in row key fields should be annotated with a value constraint with the total-digits set - defaulting to max size for datatype, Int.
28 Mar 2023 14:10:32,779 WARN  [main] mapping.DataRowKeyFieldMapping expected value contraint total-digits for integral property, {http://cloudgraph.org/test/datatypes}Node.rootId - row key fields are fixed length and integral properties used in row key fields should be annotated with a value constraint with the total-digits set - defaulting to max size for datatype, Int.
28 Mar 2023 14:10:32,781 WARN  [main] mapping.DataRowKeyFieldMapping expected value contraint total-digits for integral property, {http://cloudgraph.org/test/datatypes}Node.rootId - row key fields are fixed length and integral properties used in row key fields should be annotated with a value constraint with the total-digits set - defaulting to max size for datatype, Int.
28 Mar 2023 14:10:32,789 INFO  [main] connect.HBaseConnectionManager created connection pool[ 
	MaxTotal:		80
	MinIdle:		1
	MaxIdle:		8
	Lifo:		true
	MaxWaitMillis:		-1
	TimeBetweenEvictionRunsMillis:		-1
	EvictionPolicyClassName:		org.apache.commons.pool2.impl.DefaultEvictionPolicy
	MinEvictableIdleTimeMillis:		1800000
	SoftMinEvictableIdleTimeMillis:		-1
	NumTestsPerEvictionRun:		3
...]
28 Mar 2023 14:10:33,023 WARN  [main] util.NativeCodeLoader Unable to load native-hadoop library for your platform... using builtin-java classes where applicable
28 Mar 2023 14:10:34,186 INFO  [main] bind.PlasmaQueryDataBinding loading schema chain...
